<?xml version="1.0" encoding="UTF-8"?>
<testsuite name="com.music.core.api.models.SerializationTest" tests="3" skipped="0" failures="0" errors="0" timestamp="2026-03-02T10:10:06" hostname="bogon" time="0.026">
  <properties/>
  <testcase name="testStandardizedSignalsSerialization" classname="com.music.core.api.models.SerializationTest" time="0.02"/>
  <testcase name="testEffectCommandsSerialization" classname="com.music.core.api.models.SerializationTest" time="0.003"/>
  <testcase name="testSceneDescriptorSerialization" classname="com.music.core.api.models.SerializationTest" time="0.001"/>
  <system-out><![CDATA[]]></system-out>
  <system-err><![CDATA[]]></system-err>
</testsuite>
