<?xml version="1.0" encoding="UTF-8"?>
<testsuite name="com.example.perception.PerceptionConfigTest" tests="3" skipped="0" failures="0" errors="0" timestamp="2026-02-28T16:05:37" hostname="CarlosLi-Mi.local" time="0.001">
  <properties/>
  <testcase name="test builder defaults" classname="com.example.perception.PerceptionConfigTest" time="0.0"/>
  <testcase name="test builder custom values" classname="com.example.perception.PerceptionConfigTest" time="0.0"/>
  <testcase name="test builder throws exception on empty url" classname="com.example.perception.PerceptionConfigTest" time="0.0"/>
  <system-out><![CDATA[]]></system-out>
  <system-err><![CDATA[]]></system-err>
</testsuite>
