<?xml version="1.0" encoding="UTF-8"?>
<testsuite name="com.example.layer1.utils.ConfidenceValidatorTest" tests="7" skipped="0" failures="0" errors="0" timestamp="2026-02-28T14:41:10" hostname="CarlosLi-Mi.local" time="0.006">
  <properties/>
  <testcase name="testNormalLowConfidence" classname="com.example.layer1.utils.ConfidenceValidatorTest" time="0.002"/>
  <testcase name="testInvalidHigh" classname="com.example.layer1.utils.ConfidenceValidatorTest" time="0.003"/>
  <testcase name="testBoundaryThresholdExact" classname="com.example.layer1.utils.ConfidenceValidatorTest" time="0.0"/>
  <testcase name="testDynamicThreshold" classname="com.example.layer1.utils.ConfidenceValidatorTest" time="0.0"/>
  <testcase name="testNormalHighConfidence" classname="com.example.layer1.utils.ConfidenceValidatorTest" time="0.0"/>
  <testcase name="testBoundaryThresholdJustBelow" classname="com.example.layer1.utils.ConfidenceValidatorTest" time="0.0"/>
  <testcase name="testInvalidLow" classname="com.example.layer1.utils.ConfidenceValidatorTest" time="0.0"/>
  <system-out><![CDATA[]]></system-out>
  <system-err><![CDATA[]]></system-err>
</testsuite>
